# vsim -vopt work.ram_tb -voptargs="+acc=npr" -assertdebug -l logfile.log -coverage -c -do "coverage save -onexit -assert -directive -cvg -codeAll ucdfi.ucdb; run -all; exit" 
# Start time: 00:23:05 on Jul 07,2026
# ** Note: (vsim-3812) Design is being optimized...
# //  Questa Sim
# //  Version 10.6c linux Jul 25 2017
# //
# //  Copyright 1991-2017 Mentor Graphics Corporation
# //  All Rights Reserved.
# //
# //  QuestaSim and its associated documentation contain trade
# //  secrets and commercial or financial information that are the property of
# //  Mentor Graphics Corporation and are privileged, confidential,
# //  and exempt from disclosure under the Freedom of Information Act,
# //  5 U.S.C. Section 552. Furthermore, this information
# //  is prohibited from disclosure under the Trade Secrets Act,
# //  18 U.S.C. Section 1905.
# //
# Loading sv_std.std
# Loading work.ram_if(fast)
# Loading work.ram_package(fast)
# Loading work.ram_tb(fast)
# Loading work.ram_if(fast)
# Loading work.RAM(fast)
# Loading work.ram_assertions(fast)
# coverage save -onexit -assert -directive -cvg -codeAll ucdfi.ucdb
#  run -all
# 
# >>> TEST PASSED: Executed 192 Transactions Successfully. Mismatches: 0 <<<
# 
# >>> TEST PASSED. Mismatches: 0 <<<
# ** Note: $finish    : testbench.sv(68)
#    Time: 3840 ns  Iteration: 0  Instance: /ram_tb
# Saving coverage database on exit...
# 
# ==================================================
#            FINAL FUNCTIONAL COVERAGE REPORT
# ==================================================
#  Total Driver Structural Coverage: 83.59%
# ==================================================
# 
# End time: 00:23:06 on Jul 07,2026, Elapsed time: 0:00:01
# Errors: 0, Warnings: 0
